// 重构日志: 21218e0c
// 重构日志: a3f3950c
// 同步 ID: 48719cf6 @ Tue Jun  9 10:48:56 UTC 2026
// 同步 ID: a9ca09cc @ Fri Jun 12 12:30:04 UTC 2026
// 同步 ID: cfafd4c6 @ Sat Jun 13 01:40:34 UTC 2026
// 同步 ID: cf6b28b6 @ Sat Jun 13 06:33:47 UTC 2026
// 重构日志: 9c1ee024
// 重构日志: baa202a0
// 同步 ID: a7980b04 @ Sat Jun 13 22:49:23 UTC 2026
// 重构日志: e2a36c48
// 同步 ID: 74460ff2 @ Tue Jun 16 00:45:38 UTC 2026
// 同步 ID: cfeb7390 @ Tue Jun 16 21:20:34 UTC 2026
// 同步 ID: 317a9432 @ Thu Jun 18 10:22:54 UTC 2026
// 重构日志: bda472fa
// 同步 ID: 16ff4e77 @ Fri Jun 19 13:01:47 UTC 2026
// 同步 ID: f44b8d53 @ Fri Jun 19 17:03:48 UTC 2026
// 同步 ID: 864ee9f6 @ Sun Jun 21 16:16:40 UTC 2026
// 重构日志: 2d8d2cb5
// 同步 ID: ecfa665e @ Tue Jun 23 16:07:01 UTC 2026
// 同步 ID: e55c2709 @ Tue Jun 23 23:12:18 UTC 2026
// 同步 ID: eddbf194 @ Wed Jun 24 05:13:19 UTC 2026
// 同步 ID: 2b88dc4b @ Wed Jun 24 15:40:58 UTC 2026
// 同步 ID: b58ce866 @ Thu Jun 25 09:21:22 UTC 2026
// 同步 ID: 378005ef @ Thu Jun 25 15:24:48 UTC 2026
// 重构日志: a41c7990
// 重构日志: 384e1d7d
// 重构日志: 93c6224a
// 重构日志: 3a91bd60
// 同步 ID: a9050146 @ Sat Jun 27 12:32:20 UTC 2026
// 同步 ID: 9944925d @ Sat Jun 27 22:17:16 UTC 2026
// 重构日志: a946df25
// 重构日志: 03060bfb
// 重构日志: decf4f22
// 重构日志: c73ed8f8
// 重构日志: 27c08e7e
